<?xml version="1.0" encoding="UTF-8"?>
<testng-results ignored="0" total="1" passed="1" failed="0" skipped="0">
  <reporter-output>
  </reporter-output>
  <suite started-at="2024-02-24T22:09:25 TRT" name="Default suite" finished-at="2024-02-24T22:12:33 TRT" duration-ms="187651">
    <groups>
    </groups>
    <test started-at="2024-02-24T22:09:25 TRT" name="Default test" finished-at="2024-02-24T22:12:33 TRT" duration-ms="187651">
      <class name="com.teamflect.imdb.imdbTest">
        <test-method is-config="true" signature="setUp()[pri:0, instance:com.teamflect.imdb.imdbTest@6d4e5011]" started-at="2024-02-24T22:09:25 TRT" name="setUp" finished-at="2024-02-24T22:10:08 TRT" duration-ms="43416" status="PASS">
          <reporter-output>
          </reporter-output>
        </test-method> <!-- setUp -->
        <test-method signature="oscarsLinkTest()[pri:0, instance:com.teamflect.imdb.imdbTest@6d4e5011]" started-at="2024-02-24T22:10:08 TRT" name="oscarsLinkTest" finished-at="2024-02-24T22:12:32 TRT" duration-ms="143941" status="PASS">
          <reporter-output>
          </reporter-output>
        </test-method> <!-- oscarsLinkTest -->
        <test-method is-config="true" signature="tearDown()[pri:0, instance:com.teamflect.imdb.imdbTest@6d4e5011]" started-at="2024-02-24T22:12:32 TRT" name="tearDown" finished-at="2024-02-24T22:12:33 TRT" duration-ms="257" status="PASS">
          <reporter-output>
          </reporter-output>
        </test-method> <!-- tearDown -->
      </class> <!-- com.teamflect.imdb.imdbTest -->
    </test> <!-- Default test -->
  </suite> <!-- Default suite -->
</testng-results>
